2026-03-04 23:57:00 +0000 [MT] Initial pipeline context: <IDEDistributionProcessingPipelineContext: 0xb6c079e00; archive(resolved)="<IDEArchive: 0xb6e15b4f0>", distributionTask(resolved)="2", distributionDestination(resolved)="1", distributionMethod(resolved)="<IDEDistributionMethodDevelopmentSigned: 0xb6e3f42d0>", team(resolved)="<IDEProvisioningBasicTeam: 0xb6c047120; teamID='83DB5W93C4', teamName='Tăbîrcă Nicolae-Eduard'>">
	Chain (14, self inclusive):
	<IDEDistributionProcessingPipelineContext: 0xb6c079e00; archive = "<IDEArchive: 0xb6e15b4f0>", distributionMethod="<IDEDistributionMethodDevelopmentSigned: 0xb6e3f42d0>", team="<IDEProvisioningBasicTeam: 0xb6c047120; teamID='83DB5W93C4', teamName='Tăbîrcă Nicolae-Eduard'>">
	<IDEDistributionProcessingPipelineContext: 0xb6c079b00; archive = "<IDEArchive: 0xb6e15b4f0>", distributionMethod="<IDEDistributionMethodDevelopmentSigned: 0xb6e3f42d0>", team="<IDEProvisioningBasicTeam: 0xb6c047120; teamID='83DB5W93C4', teamName='Tăbîrcă Nicolae-Eduard'>">
	<IDEDistributionContext: 0xb6c0e2580; archive = "<IDEArchive: 0xb6e15b4f0>", distributionMethod="<IDEDistributionMethodDevelopmentSigned: 0xb6e3f42d0>", team="<IDEProvisioningBasicTeam: 0xb6c047120; teamID='83DB5W93C4', teamName='Tăbîrcă Nicolae-Eduard'>">
	<IDEDistributionContext: 0xb6c0e1680; archive = "<IDEArchive: 0xb6e15b4f0>", distributionMethod="<IDEDistributionMethodDevelopmentSigned: 0xb6e3f42d0>", team="<IDEProvisioningBasicTeam: 0xb6c047120; teamID='83DB5W93C4', teamName='Tăbîrcă Nicolae-Eduard'>">
	<IDEDistributionContext: 0xb6c0e1400; archive = "<IDEArchive: 0xb6e15b4f0>", distributionMethod="<IDEDistributionMethodDevelopmentSigned: 0xb6e3f42d0>", team="<IDEProvisioningBasicTeam: 0xb6c047120; teamID='83DB5W93C4', teamName='Tăbîrcă Nicolae-Eduard'>">
	<IDEDistributionContext: 0xb6c0e1180; archive = "<IDEArchive: 0xb6e15b4f0>", distributionMethod="<IDEDistributionMethodDevelopmentSigned: 0xb6e3f42d0>", team="<IDEProvisioningBasicTeam: 0xb6c047120; teamID='83DB5W93C4', teamName='Tăbîrcă Nicolae-Eduard'>">
	<IDEDistributionContext: 0xb6c0e0f00; archive = "<IDEArchive: 0xb6e15b4f0>", distributionMethod="<IDEDistributionMethodDevelopmentSigned: 0xb6e3f42d0>", team="<IDEProvisioningBasicTeam: 0xb6c047120; teamID='83DB5W93C4', teamName='Tăbîrcă Nicolae-Eduard'>">
	<IDEDistributionContext: 0xb6c0e0c80; archive = "<IDEArchive: 0xb6e15b4f0>", distributionMethod="<IDEDistributionMethodDevelopmentSigned: 0xb6e3f42d0>", team="<IDEProvisioningBasicTeam: 0xb6c047120; teamID='83DB5W93C4', teamName='Tăbîrcă Nicolae-Eduard'>">
	<IDEDistributionContext: 0xb6c0e0a00; archive = "<IDEArchive: 0xb6e15b4f0>", distributionMethod="<IDEDistributionMethodDevelopmentSigned: 0xb6e3f42d0>", team="<IDEProvisioningBasicTeam: 0xb6c047120; teamID='83DB5W93C4', teamName='Tăbîrcă Nicolae-Eduard'>">
	<IDEDistributionContext: 0xb6c0e0780; archive = "<IDEArchive: 0xb6e15b4f0>", distributionMethod="<IDEDistributionMethodDevelopmentSigned: 0xb6e3f42d0>", team="(null)">
	<IDEDistributionContext: 0xb6c0e0500; archive = "<IDEArchive: 0xb6e15b4f0>", distributionMethod="<IDEDistributionMethodDevelopmentSigned: 0xb6e3f42d0>", team="(null)">
	<IDEDistributionContext: 0xb6c0e0280; archive = "<IDEArchive: 0xb6e15b4f0>", distributionMethod="<IDEDistributionMethodDevelopmentSigned: 0xb6e3f42d0>", team="(null)">
	<IDEDistributionContext: 0xb6c0e0000; archive = "<IDEArchive: 0xb6e15b4f0>", distributionMethod="<IDEDistributionMethodDevelopmentSigned: 0xb6e3f42d0>", team="(null)">
	<IDEDistributionContext: 0x103084cf0; archive = "<IDEArchive: 0xb6e15b4f0>", distributionMethod="(null)", team="(null)">
</IDEDistributionProcessingPipelineContext: 0xb6c079e00>
2026-03-04 23:57:00 +0000 [MT] Processing step: IDEDistributionCreateDestRootStep
2026-03-04 23:57:00 +0000 [MT] Processing step: IDEDistributionCopyItemStep
2026-03-04 23:57:00 +0000 [MT] Running /usr/bin/ditto '-V' '/Users/iediot/XCode/Weather/Weather.xcarchive/Products/Applications/Weather.app' '/var/folders/0p/z67039js3y58lqmyr078vg6r0000gn/T/XcodeDistPipeline.~~~dnX4Pf/Root/Payload/Weather.app'
2026-03-04 23:57:00 +0000  >>> Copying /Users/iediot/XCode/Weather/Weather.xcarchive/Products/Applications/Weather.app 
2026-03-04 23:57:00 +0000  copying file ./_CodeSignature/CodeResources ... 
2026-03-04 23:57:00 +0000  2775 bytes for ./_CodeSignature/CodeResources
2026-03-04 23:57:00 +0000  copying file ./AppIcon60x60@2x.png ... 
2026-03-04 23:57:00 +0000  15016 bytes for ./AppIcon60x60@2x.png
2026-03-04 23:57:00 +0000  copying file ./Assets.car ... 
2026-03-04 23:57:00 +0000  3909992 bytes for ./Assets.car
2026-03-04 23:57:00 +0000  copying file ./AppIcon76x76@2x~ipad.png ... 
23074 bytes for ./AppIcon76x76@2x~ipad.png
copying file ./Weather ... 
2026-03-04 23:57:00 +0000  146048 bytes for ./Weather
copying file ./embedded.mobileprovision ... 
2026-03-04 23:57:00 +0000  16447 bytes for ./embedded.mobileprovision
2026-03-04 23:57:00 +0000  copying file ./Info.plist ... 
2026-03-04 23:57:00 +0000  1467 bytes for ./Info.plist
2026-03-04 23:57:00 +0000  copying file ./PkgInfo ... 
2026-03-04 23:57:00 +0000  8 bytes for ./PkgInfo
2026-03-04 23:57:00 +0000 [MT] /usr/bin/ditto exited with 0
2026-03-04 23:57:00 +0000 [MT] Processing step: IDEDistributionEmbedProfileStep
2026-03-04 23:57:00 +0000 [MT] Processing step: IDEDistributionInfoPlistStep
2026-03-04 23:57:00 +0000 [MT] Skipping step: IDEDistributionInfoPlistStep because it said so
2026-03-04 23:57:00 +0000 [MT] Processing step: IDEDistributionAppThinningPlistStep
2026-03-04 23:57:00 +0000 [MT] Skipping step: IDEDistributionAppThinningPlistStep because it said so
2026-03-04 23:57:00 +0000 [MT] Processing step: IDEDistributionSymbolsStep
2026-03-04 23:57:00 +0000 [MT] Skipping step: IDEDistributionSymbolsStep because it said so
2026-03-04 23:57:00 +0000 [MT] Processing step: IDEDistributionAppThinningStep
2026-03-04 23:57:00 +0000 [MT] Skipping step: IDEDistributionAppThinningStep because it said so
2026-03-04 23:57:00 +0000 [MT] Processing step: IDEDistributionArchThinningStep
2026-03-04 23:57:00 +0000 [MT] Archs to thin for item /Users/iediot/XCode/Weather/Weather.xcarchive/Products/Applications/Weather.app are []
2026-03-04 23:57:00 +0000 [MT] Processing step: IDEDistributionODRStep
2026-03-04 23:57:00 +0000 [MT] Processing step: IDEDistributionStripXattrsStep
2026-03-04 23:57:00 +0000 [MT] Skipping stripping extended attributes because the codesign step will strip them.
2026-03-04 23:57:00 +0000 [MT] Processing step: IDEDistributionCodesignStep
2026-03-04 23:57:00 +0000 [MT] Entitlements for <IDEDistributionItem: 0xb6c085320; bundleID='iediot.Weather', path='<DVTFilePath:0xb6c0179c0:'/Users/iediot/XCode/Weather/Weather.xcarchive/Products/Applications/Weather.app'>', codeSigningInfo='<_DVTCodeSigningInformation_Path: 0xb6c0852c0; isSigned='1', isAdHocSigned='0', signingCertificate='<DVTSigningCertificate: 0xb6c118000; name='Apple Development: eduardnicolae092@gmail.com (Y49ZS9K5UL)', hash='48AA75874FD565B37BA7361ED1E332A14BF57CFD', serialNumber='7982CE3890DFE704C198DF0104287026', certificateKinds='(
    "1.2.840.113635.100.6.1.12",
    "1.2.840.113635.100.6.1.2"
), issueDate='2026-02-28 09:04:22 +0000''>', entitlements='{
    "application-identifier" = "83DB5W93C4.iediot.Weather";
    "com.apple.developer.team-identifier" = 83DB5W93C4;
    "get-task-allow" = 1;
}', teamID='83DB5W93C4', identifier='iediot.Weather', executablePath='<DVTFilePath:0xb6c084de0:'/Users/iediot/XCode/Weather/Weather.xcarchive/Products/Applications/Weather.app/Weather'>', hardenedRuntime='1'>'>: {
    "application-identifier" = "83DB5W93C4.iediot.Weather";
    "com.apple.developer.team-identifier" = 83DB5W93C4;
    "get-task-allow" = 1;
}
2026-03-04 23:57:00 +0000 [MT] Associated App Clip Identifiers Filter: Skipping because "com.apple.developer.associated-appclip-app-identifiers" is not present
2026-03-04 23:57:00 +0000 [MT] Entitlements for <IDEDistributionItem: 0xb6c085320; bundleID='iediot.Weather', path='<DVTFilePath:0xb6c0179c0:'/Users/iediot/XCode/Weather/Weather.xcarchive/Products/Applications/Weather.app'>', codeSigningInfo='<_DVTCodeSigningInformation_Path: 0xb6c0852c0; isSigned='1', isAdHocSigned='0', signingCertificate='<DVTSigningCertificate: 0xb6c119d40; name='Apple Development: eduardnicolae092@gmail.com (Y49ZS9K5UL)', hash='48AA75874FD565B37BA7361ED1E332A14BF57CFD', serialNumber='7982CE3890DFE704C198DF0104287026', certificateKinds='(
    "1.2.840.113635.100.6.1.12",
    "1.2.840.113635.100.6.1.2"
), issueDate='2026-02-28 09:04:22 +0000''>', entitlements='{
    "application-identifier" = "83DB5W93C4.iediot.Weather";
    "com.apple.developer.team-identifier" = 83DB5W93C4;
    "get-task-allow" = 1;
}', teamID='83DB5W93C4', identifier='iediot.Weather', executablePath='<DVTFilePath:0xb6c084de0:'/Users/iediot/XCode/Weather/Weather.xcarchive/Products/Applications/Weather.app/Weather'>', hardenedRuntime='1'>'> are: {
    "application-identifier" = "83DB5W93C4.iediot.Weather";
    "com.apple.developer.team-identifier" = 83DB5W93C4;
    "get-task-allow" = 1;
}
2026-03-04 23:57:00 +0000 [MT] Writing entitlements for <IDEDistributionItem: 0xb6c085320; bundleID='iediot.Weather', path='<DVTFilePath:0xb6c0179c0:'/Users/iediot/XCode/Weather/Weather.xcarchive/Products/Applications/Weather.app'>', codeSigningInfo='<_DVTCodeSigningInformation_Path: 0xb6c0852c0; isSigned='1', isAdHocSigned='0', signingCertificate='<DVTSigningCertificate: 0xb6c119d40; name='Apple Development: eduardnicolae092@gmail.com (Y49ZS9K5UL)', hash='48AA75874FD565B37BA7361ED1E332A14BF57CFD', serialNumber='7982CE3890DFE704C198DF0104287026', certificateKinds='(
    "1.2.840.113635.100.6.1.12",
    "1.2.840.113635.100.6.1.2"
), issueDate='2026-02-28 09:04:22 +0000''>', entitlements='{
    "application-identifier" = "83DB5W93C4.iediot.Weather";
    "com.apple.developer.team-identifier" = 83DB5W93C4;
    "get-task-allow" = 1;
}', teamID='83DB5W93C4', identifier='iediot.Weather', executablePath='<DVTFilePath:0xb6c084de0:'/Users/iediot/XCode/Weather/Weather.xcarchive/Products/Applications/Weather.app/Weather'>', hardenedRuntime='1'>'> to: /var/folders/0p/z67039js3y58lqmyr078vg6r0000gn/T/XcodeDistPipeline.~~~dnX4Pf/entitlements~~~VVioG0
2026-03-04 23:57:00 +0000 [MT] invoking codesign: <NSConcreteTask: 0xb6e889d60; launchPath='/usr/bin/codesign', arguments='(
    "-f",
    "-s",
    48AA75874FD565B37BA7361ED1E332A14BF57CFD,
    "--entitlements",
    "/var/folders/0p/z67039js3y58lqmyr078vg6r0000gn/T/XcodeDistPipeline.~~~dnX4Pf/entitlements~~~VVioG0",
    "--preserve-metadata=identifier,flags,runtime,launch-constraints,library-constraints",
    "--generate-entitlement-der",
    "--strip-disallowed-xattrs",
    "-vvv",
    "/var/folders/0p/z67039js3y58lqmyr078vg6r0000gn/T/XcodeDistPipeline.~~~dnX4Pf/Root/Payload/Weather.app"
)'>
2026-03-04 23:57:08 +0000 [MT] codesign output: /var/folders/0p/z67039js3y58lqmyr078vg6r0000gn/T/XcodeDistPipeline.~~~dnX4Pf/Root/Payload/Weather.app: replacing existing signature
/var/folders/0p/z67039js3y58lqmyr078vg6r0000gn/T/XcodeDistPipeline.~~~dnX4Pf/Root/Payload/Weather.app: signed app bundle with Mach-O thin (arm64) [iediot.Weather]
2026-03-04 23:57:08 +0000 [MT] Processing step: IDEDistributionZipODRItemStep
2026-03-04 23:57:08 +0000 [MT] Skipping step: IDEDistributionZipODRItemStep because it said so
2026-03-04 23:57:08 +0000 [MT] Processing step: IDEDistributionCreateIPAStep
2026-03-04 23:57:08 +0000 [MT] Running /usr/bin/ditto '-V' '-c' '-k' '--norsrc' '/var/folders/0p/z67039js3y58lqmyr078vg6r0000gn/T/XcodeDistPipeline.~~~dnX4Pf/Root' '/var/folders/0p/z67039js3y58lqmyr078vg6r0000gn/T/XcodeDistPipeline.~~~dnX4Pf/Packages/Weather.ipa'
2026-03-04 23:57:08 +0000  >>> Copying /var/folders/0p/z67039js3y58lqmyr078vg6r0000gn/T/XcodeDistPipeline.~~~dnX4Pf/Root 
2026-03-04 23:57:08 +0000  copying file ./Payload/Weather.app/_CodeSignature/CodeResources ... 
2026-03-04 23:57:08 +0000  2775 bytes for ./Payload/Weather.app/_CodeSignature/CodeResources
2026-03-04 23:57:08 +0000  copying file ./Payload/Weather.app/AppIcon60x60@2x.png ... 
2026-03-04 23:57:08 +0000  15016 bytes for ./Payload/Weather.app/AppIcon60x60@2x.png
2026-03-04 23:57:08 +0000  copying file ./Payload/Weather.app/Assets.car ... 
2026-03-04 23:57:08 +0000  3909992 bytes for ./Payload/Weather.app/Assets.car
2026-03-04 23:57:08 +0000  copying file ./Payload/Weather.app/AppIcon76x76@2x~ipad.png ... 
2026-03-04 23:57:08 +0000  23074 bytes for ./Payload/Weather.app/AppIcon76x76@2x~ipad.png
2026-03-04 23:57:08 +0000  copying file ./Payload/Weather.app/Weather ... 
2026-03-04 23:57:08 +0000  146048 bytes for ./Payload/Weather.app/Weather
2026-03-04 23:57:08 +0000  copying file ./Payload/Weather.app/embedded.mobileprovision ... 
2026-03-04 23:57:08 +0000  16447 bytes for ./Payload/Weather.app/embedded.mobileprovision
2026-03-04 23:57:08 +0000  copying file ./Payload/Weather.app/Info.plist ... 
2026-03-04 23:57:08 +0000  1467 bytes for ./Payload/Weather.app/Info.plist
copying file ./Payload/Weather.app/PkgInfo ... 
8 bytes for ./Payload/Weather.app/PkgInfo
2026-03-04 23:57:08 +0000 [MT] /usr/bin/ditto exited with 0
2026-03-04 23:57:08 +0000 [MT] Processing step: IDEDistributionAppStoreInformationStep
2026-03-04 23:57:08 +0000 [MT] Skipping step: IDEDistributionAppStoreInformationStep because it said so
2026-03-04 23:57:08 +0000 [MT] Processing step: IDEDistributionGenerateProcessedDistributionItems
2026-03-04 23:57:08 +0000 [MT] IDEDistributionItem init <DVTFilePath:0xb6cec4240:'/var/folders/0p/z67039js3y58lqmyr078vg6r0000gn/T/XcodeDistPipeline.~~~dnX4Pf/Root/Payload/Weather.app'>
2026-03-04 23:57:08 +0000 [MT] Processing step: IDEDistributionCreateManifestStep
